[0.019s] Invoking command in '/home/lx/go2/build/realsense_ros_gazebo': CMAKE_PREFIX_PATH=/opt/ros/humble /usr/bin/cmake /home/lx/go2/src/realsense_ros_gazebo -DAMENT_CMAKE_SYMLINK_INSTALL=1 -DCMAKE_INSTALL_PREFIX=/home/lx/go2/install/realsense_ros_gazebo
[0.065s] -- The C compiler identification is GNU 11.4.0
[0.115s] -- The CXX compiler identification is GNU 11.4.0
[0.122s] -- Detecting C compiler ABI info
[0.173s] -- Detecting C compiler ABI info - done
[0.177s] -- Check for working C compiler: /usr/bin/cc - skipped
[0.178s] -- Detecting C compile features
[0.178s] -- Detecting C compile features - done
[0.180s] -- Detecting CXX compiler ABI info
[0.238s] -- Detecting CXX compiler ABI info - done
[0.242s] -- Check for working CXX compiler: /usr/bin/c++ - skipped
[0.242s] -- Detecting CXX compile features
[0.243s] -- Detecting CXX compile features - done
[0.248s] -- Found ament_cmake: 1.3.11 (/opt/ros/humble/share/ament_cmake/cmake)
[0.344s] -- Found Python3: /usr/bin/python3 (found version "3.10.12") found components: Interpreter 
[0.387s] -- Override CMake install command with custom implementation using symlinks instead of copying resources
[0.417s] -- Found rclcpp: 16.0.12 (/opt/ros/humble/share/rclcpp/cmake)
[0.455s] -- Found rosidl_generator_c: 3.1.6 (/opt/ros/humble/share/rosidl_generator_c/cmake)
[0.459s] -- Found rosidl_adapter: 3.1.6 (/opt/ros/humble/share/rosidl_adapter/cmake)
[0.467s] -- Found rosidl_generator_cpp: 3.1.6 (/opt/ros/humble/share/rosidl_generator_cpp/cmake)
[0.475s] -- Using all available rosidl_typesupport_c: rosidl_typesupport_fastrtps_c;rosidl_typesupport_introspection_c
[0.486s] -- Using all available rosidl_typesupport_cpp: rosidl_typesupport_fastrtps_cpp;rosidl_typesupport_introspection_cpp
[0.524s] -- Found rmw_implementation_cmake: 6.1.2 (/opt/ros/humble/share/rmw_implementation_cmake/cmake)
[0.527s] -- Found rmw_fastrtps_cpp: 6.2.7 (/opt/ros/humble/share/rmw_fastrtps_cpp/cmake)
[0.607s] -- Found OpenSSL: /usr/lib/x86_64-linux-gnu/libcrypto.so (found version "3.0.2")  
[0.635s] -- Found FastRTPS: /opt/ros/humble/include  
[0.670s] -- Using RMW implementation 'rmw_fastrtps_cpp' as default
[0.679s] -- Looking for pthread.h
[0.737s] -- Looking for pthread.h - found
[0.737s] -- Performing Test CMAKE_HAVE_LIBC_PTHREAD
[0.788s] -- Performing Test CMAKE_HAVE_LIBC_PTHREAD - Success
[0.789s] -- Found Threads: TRUE  
[0.825s] -- Found gazebo_ros: 3.9.0 (/opt/ros/humble/share/gazebo_ros/cmake)
[0.833s] -- Found PkgConfig: /usr/bin/pkg-config (found version "0.29.2") 
[0.834s] -- Checking for module 'bullet>=2.82'
[0.844s] --   Found bullet, version 3.05
[0.925s] -- Found fcl: /usr/include (found suitable version "0.7.0", minimum required is "0.5.0") 
[0.965s] -- Found assimp: /usr/include (found version "5.2.0") 
[0.980s] -- Found DART: /usr/include (Required is at least version "6.6") found components: dart 
[1.002s] -- Found Boost: /usr/lib/x86_64-linux-gnu/cmake/Boost-1.74.0/BoostConfig.cmake (found suitable version "1.74.0", minimum required is "1.40.0") found components: thread system filesystem program_options regex iostreams date_time 
[1.014s] -- Found Protobuf: /usr/lib/x86_64-linux-gnu/libprotobuf.so (found version "3.12.4") 
[1.018s] -- Looking for ignition-math6 -- found version 6.15.1
[1.025s] -- Searching for dependencies of ignition-math6
[1.026s] -- Looking for OGRE...
[1.026s] -- OGRE_PREFIX_WATCH changed.
[1.030s] -- Checking for module 'OGRE'
[1.040s] --   Found OGRE, version 1.9.0
[1.068s] -- Found Ogre Ghadamon (1.9.0)
[1.075s] -- Found OGRE: optimized;/usr/lib/x86_64-linux-gnu/libOgreMain.so;debug;/usr/lib/x86_64-linux-gnu/libOgreMain.so
[1.081s] -- Looking for OGRE_Paging...
[1.085s] -- Found OGRE_Paging: optimized;/usr/lib/x86_64-linux-gnu/libOgrePaging.so;debug;/usr/lib/x86_64-linux-gnu/libOgrePaging.so
[1.085s] -- Looking for OGRE_Terrain...
[1.088s] -- Found OGRE_Terrain: optimized;/usr/lib/x86_64-linux-gnu/libOgreTerrain.so;debug;/usr/lib/x86_64-linux-gnu/libOgreTerrain.so
[1.088s] -- Looking for OGRE_Property...
[1.091s] -- Found OGRE_Property: optimized;/usr/lib/x86_64-linux-gnu/libOgreProperty.so;debug;/usr/lib/x86_64-linux-gnu/libOgreProperty.so
[1.091s] -- Looking for OGRE_RTShaderSystem...
[1.094s] -- Found OGRE_RTShaderSystem: optimized;/usr/lib/x86_64-linux-gnu/libOgreRTShaderSystem.so;debug;/usr/lib/x86_64-linux-gnu/libOgreRTShaderSystem.so
[1.094s] -- Looking for OGRE_Volume...
[1.097s] -- Found OGRE_Volume: optimized;/usr/lib/x86_64-linux-gnu/libOgreVolume.so;debug;/usr/lib/x86_64-linux-gnu/libOgreVolume.so
[1.097s] -- Looking for OGRE_Overlay...
[1.100s] -- Found OGRE_Overlay: optimized;/usr/lib/x86_64-linux-gnu/libOgreOverlay.so;debug;/usr/lib/x86_64-linux-gnu/libOgreOverlay.so
[1.163s] -- Looking for ignition-math6 -- found version 6.15.1
[1.165s] -- Looking for ignition-transport8 -- found version 8.2.1
[1.165s] -- Searching for dependencies of ignition-transport8
[1.179s] -- Found Protobuf: /usr/lib/x86_64-linux-gnu/libprotobuf.so (found suitable version "3.12.4", minimum required is "3") 
[1.188s] -- Config-file not installed for ZeroMQ -- checking for pkg-config
[1.191s] -- Checking for module 'libzmq >= 4'
[1.201s] --   Found libzmq , version 4.3.4
[1.228s] -- Found ZeroMQ: TRUE (Required is at least version "4") 
[1.232s] -- Checking for module 'uuid'
[1.241s] --   Found uuid, version 2.37.2
[1.266s] -- Found UUID: TRUE  
[1.268s] -- Looking for ignition-msgs5 -- found version 5.8.1
[1.268s] -- Searching for dependencies of ignition-msgs5
[1.282s] -- Looking for ignition-math6 -- found version 6.15.1
[1.285s] -- Checking for module 'tinyxml2'
[1.293s] --   Found tinyxml2, version 9.0.0
[1.321s] -- Looking for ignition-msgs5 -- found version 5.8.1
[1.323s] -- Looking for ignition-common3 -- found version 3.14.0
[1.323s] -- Searching for dependencies of ignition-common3
[1.324s] -- Looking for dlfcn.h - found
[1.324s] -- Looking for libdl - found
[1.325s] -- Found DL: TRUE  
[1.334s] -- Found tinyobjloader: /usr/lib/x86_64-linux-gnu/cmake/tinyobjloader/tinyobjloader-config.cmake (found version "2.0.0") 
[1.335s] -- Searching for <ignition-common3> component [graphics]
[1.337s] -- Looking for ignition-common3-graphics -- found version 3.14.0
[1.337s] -- Searching for dependencies of ignition-common3-graphics
[1.337s] -- Looking for ignition-math6 -- found version 6.15.1
[1.339s] -- Looking for ignition-fuel_tools4 -- found version 4.4.0
[1.340s] -- Searching for dependencies of ignition-fuel_tools4
[1.399s] -- Found CURL: /usr/lib/x86_64-linux-gnu/libcurl.so (found version "7.81.0")  
[1.406s] -- Checking for module 'jsoncpp'
[1.415s] --   Found jsoncpp, version 1.9.5
[1.439s] -- Found JSONCPP: TRUE  
[1.443s] -- Checking for module 'libzip'
[1.451s] --   Found libzip, version 1.7.3
[1.473s] -- Found ZIP: TRUE  
[1.474s] -- Looking for ignition-common3 -- found version 3.14.0
[1.474s] -- Looking for ignition-math6 -- found version 6.15.1
[1.474s] -- Looking for ignition-msgs5 -- found version 5.8.1
[1.477s] -- Gazebo version: 11.10
[1.477s] -- Checking for module 'tbb'
[1.486s] --   Found tbb, version 2021.5.0
[1.509s] -- Found image_transport: 3.1.11 (/opt/ros/humble/share/image_transport/cmake)
[1.555s] -- Found camera_info_manager: 3.1.11 (/opt/ros/humble/share/camera_info_manager/cmake)
[1.567s] -- Found ament_lint_auto: 0.12.12 (/opt/ros/humble/share/ament_lint_auto/cmake)
[1.620s] -- Added test 'copyright' to check source files copyright and LICENSE
[1.621s] -- Added test 'cppcheck' to perform static code analysis on C / C++ code
[1.622s] -- Configured cppcheck include dirs: /home/lx/go2/src/realsense_ros_gazebo/include
[1.622s] -- Configured cppcheck exclude dirs and/or files: 
[1.623s] -- Added test 'cpplint' to check C / C++ code against the Google style
[1.623s] -- Configured cpplint exclude dirs and/or files: 
[1.624s] -- Added test 'lint_cmake' to check CMake code style
[1.626s] -- Added test 'uncrustify' to check C / C++ code style
[1.626s] -- Configured uncrustify additional arguments: 
[1.626s] -- Added test 'xmllint' to check XML markup files
[1.627s] -- Configuring done
[1.654s] -- Generating done
[1.657s] -- Build files have been written to: /home/lx/go2/build/realsense_ros_gazebo
