[0.006s] Invoking command in '/home/lx/go2/build/champ_gazebo': AMENT_PREFIX_PATH=/home/lx/go2/install/champ_msgs:/home/lx/go2/install/champ:${AMENT_PREFIX_PATH} CMAKE_PREFIX_PATH=/home/lx/go2/install/champ_msgs:/home/lx/go2/install/champ:/opt/ros/humble LD_LIBRARY_PATH=/home/lx/go2/install/champ_msgs/lib:${LD_LIBRARY_PATH} PYTHONPATH=/home/lx/go2/install/champ_msgs/local/lib/python3.10/dist-packages:${PYTHONPATH} /usr/bin/cmake /home/lx/go2/src/unitree-go2-ros2/champ/champ_gazebo -DAMENT_CMAKE_SYMLINK_INSTALL=1 -DCMAKE_INSTALL_PREFIX=/home/lx/go2/install/champ_gazebo
[0.047s] -- The C compiler identification is GNU 11.4.0
[0.086s] -- The CXX compiler identification is GNU 11.4.0
[0.091s] -- Detecting C compiler ABI info
[0.137s] -- Detecting C compiler ABI info - done
[0.141s] -- Check for working C compiler: /usr/bin/cc - skipped
[0.141s] -- Detecting C compile features
[0.141s] -- Detecting C compile features - done
[0.143s] -- Detecting CXX compiler ABI info
[0.196s] -- Detecting CXX compiler ABI info - done
[0.200s] -- Check for working CXX compiler: /usr/bin/c++ - skipped
[0.200s] -- Detecting CXX compile features
[0.200s] -- Detecting CXX compile features - done
[0.207s] -- Found ament_cmake: 1.3.11 (/opt/ros/humble/share/ament_cmake/cmake)
[0.297s] -- Found Python3: /usr/bin/python3 (found version "3.10.12") found components: Interpreter 
[0.334s] -- Override CMake install command with custom implementation using symlinks instead of copying resources
[0.356s] -- Found rclcpp: 16.0.12 (/opt/ros/humble/share/rclcpp/cmake)
[0.396s] -- Found rosidl_generator_c: 3.1.6 (/opt/ros/humble/share/rosidl_generator_c/cmake)
[0.401s] -- Found rosidl_adapter: 3.1.6 (/opt/ros/humble/share/rosidl_adapter/cmake)
[0.409s] -- Found rosidl_generator_cpp: 3.1.6 (/opt/ros/humble/share/rosidl_generator_cpp/cmake)
[0.420s] -- Using all available rosidl_typesupport_c: rosidl_typesupport_fastrtps_c;rosidl_typesupport_introspection_c
[0.434s] -- Using all available rosidl_typesupport_cpp: rosidl_typesupport_fastrtps_cpp;rosidl_typesupport_introspection_cpp
[0.471s] -- Found rmw_implementation_cmake: 6.1.2 (/opt/ros/humble/share/rmw_implementation_cmake/cmake)
[0.474s] -- Found rmw_fastrtps_cpp: 6.2.7 (/opt/ros/humble/share/rmw_fastrtps_cpp/cmake)
[0.545s] -- Found OpenSSL: /usr/lib/x86_64-linux-gnu/libcrypto.so (found version "3.0.2")  
[0.567s] -- Found FastRTPS: /opt/ros/humble/include  
[0.598s] -- Using RMW implementation 'rmw_fastrtps_cpp' as default
[0.607s] -- Looking for pthread.h
[0.658s] -- Looking for pthread.h - found
[0.659s] -- Performing Test CMAKE_HAVE_LIBC_PTHREAD
[0.710s] -- Performing Test CMAKE_HAVE_LIBC_PTHREAD - Success
[0.711s] -- Found Threads: TRUE  
[0.753s] -- Found urdf: 2.6.1 (/opt/ros/humble/share/urdf/cmake)
[0.784s] -- Found champ: 0.1.0 (/home/lx/go2/install/champ/share/champ/cmake)
[0.785s] -- Found champ_msgs: 0.1.0 (/home/lx/go2/install/champ_msgs/share/champ_msgs/cmake)
[0.803s] -- Found gazebo_ros2_control: 0.4.10 (/opt/ros/humble/share/gazebo_ros2_control/cmake)
[0.934s] -- Found PkgConfig: /usr/bin/pkg-config (found version "0.29.2") 
[0.935s] -- Checking for module 'bullet>=2.82'
[0.945s] --   Found bullet, version 3.05
[1.029s] -- Found fcl: /usr/include (found suitable version "0.7.0", minimum required is "0.5.0") 
[1.069s] -- Found assimp: /usr/include (found version "5.2.0") 
[1.086s] -- Found DART: /usr/include (Required is at least version "6.6") found components: dart 
[1.108s] -- Found Boost: /usr/lib/x86_64-linux-gnu/cmake/Boost-1.74.0/BoostConfig.cmake (found suitable version "1.74.0", minimum required is "1.40.0") found components: thread system filesystem program_options regex iostreams date_time 
[1.119s] -- Found Protobuf: /usr/lib/x86_64-linux-gnu/libprotobuf.so (found version "3.12.4") 
[1.123s] -- Looking for ignition-math6 -- found version 6.15.1
[1.130s] -- Searching for dependencies of ignition-math6
[1.131s] -- Looking for OGRE...
[1.132s] -- OGRE_PREFIX_WATCH changed.
[1.135s] -- Checking for module 'OGRE'
[1.144s] --   Found OGRE, version 1.9.0
[1.174s] -- Found Ogre Ghadamon (1.9.0)
[1.181s] -- Found OGRE: optimized;/usr/lib/x86_64-linux-gnu/libOgreMain.so;debug;/usr/lib/x86_64-linux-gnu/libOgreMain.so
[1.188s] -- Looking for OGRE_Paging...
[1.192s] -- Found OGRE_Paging: optimized;/usr/lib/x86_64-linux-gnu/libOgrePaging.so;debug;/usr/lib/x86_64-linux-gnu/libOgrePaging.so
[1.192s] -- Looking for OGRE_Terrain...
[1.195s] -- Found OGRE_Terrain: optimized;/usr/lib/x86_64-linux-gnu/libOgreTerrain.so;debug;/usr/lib/x86_64-linux-gnu/libOgreTerrain.so
[1.195s] -- Looking for OGRE_Property...
[1.199s] -- Found OGRE_Property: optimized;/usr/lib/x86_64-linux-gnu/libOgreProperty.so;debug;/usr/lib/x86_64-linux-gnu/libOgreProperty.so
[1.199s] -- Looking for OGRE_RTShaderSystem...
[1.202s] -- Found OGRE_RTShaderSystem: optimized;/usr/lib/x86_64-linux-gnu/libOgreRTShaderSystem.so;debug;/usr/lib/x86_64-linux-gnu/libOgreRTShaderSystem.so
[1.202s] -- Looking for OGRE_Volume...
[1.206s] -- Found OGRE_Volume: optimized;/usr/lib/x86_64-linux-gnu/libOgreVolume.so;debug;/usr/lib/x86_64-linux-gnu/libOgreVolume.so
[1.206s] -- Looking for OGRE_Overlay...
[1.209s] -- Found OGRE_Overlay: optimized;/usr/lib/x86_64-linux-gnu/libOgreOverlay.so;debug;/usr/lib/x86_64-linux-gnu/libOgreOverlay.so
[1.286s] -- Looking for ignition-math6 -- found version 6.15.1
[1.288s] -- Looking for ignition-transport8 -- found version 8.2.1
[1.288s] -- Searching for dependencies of ignition-transport8
[1.303s] -- Found Protobuf: /usr/lib/x86_64-linux-gnu/libprotobuf.so (found suitable version "3.12.4", minimum required is "3") 
[1.313s] -- Config-file not installed for ZeroMQ -- checking for pkg-config
[1.316s] -- Checking for module 'libzmq >= 4'
[1.327s] --   Found libzmq , version 4.3.4
[1.353s] -- Found ZeroMQ: TRUE (Required is at least version "4") 
[1.357s] -- Checking for module 'uuid'
[1.366s] --   Found uuid, version 2.37.2
[1.394s] -- Found UUID: TRUE  
[1.396s] -- Looking for ignition-msgs5 -- found version 5.8.1
[1.396s] -- Searching for dependencies of ignition-msgs5
[1.412s] -- Looking for ignition-math6 -- found version 6.15.1
[1.416s] -- Checking for module 'tinyxml2'
[1.427s] --   Found tinyxml2, version 9.0.0
[1.453s] -- Looking for ignition-msgs5 -- found version 5.8.1
[1.455s] -- Looking for ignition-common3 -- found version 3.14.0
[1.456s] -- Searching for dependencies of ignition-common3
[1.456s] -- Looking for dlfcn.h - found
[1.457s] -- Looking for libdl - found
[1.458s] -- Found DL: TRUE  
[1.467s] -- Found tinyobjloader: /usr/lib/x86_64-linux-gnu/cmake/tinyobjloader/tinyobjloader-config.cmake (found version "2.0.0") 
[1.467s] -- Searching for <ignition-common3> component [graphics]
[1.469s] -- Looking for ignition-common3-graphics -- found version 3.14.0
[1.469s] -- Searching for dependencies of ignition-common3-graphics
[1.470s] -- Looking for ignition-math6 -- found version 6.15.1
[1.472s] -- Looking for ignition-fuel_tools4 -- found version 4.4.0
[1.472s] -- Searching for dependencies of ignition-fuel_tools4
[1.536s] -- Found CURL: /usr/lib/x86_64-linux-gnu/libcurl.so (found version "7.81.0")  
[1.543s] -- Checking for module 'jsoncpp'
[1.552s] --   Found jsoncpp, version 1.9.5
[1.577s] -- Found JSONCPP: TRUE  
[1.581s] -- Checking for module 'libzip'
[1.590s] --   Found libzip, version 1.7.3
[1.615s] -- Found ZIP: TRUE  
[1.615s] -- Looking for ignition-common3 -- found version 3.14.0
[1.615s] -- Looking for ignition-math6 -- found version 6.15.1
[1.615s] -- Looking for ignition-msgs5 -- found version 5.8.1
[1.619s] -- Gazebo version: 11.10
[1.619s] -- Checking for module 'tbb'
[1.628s] --   Found tbb, version 2021.5.0
[1.717s] -- Configuring done
[1.774s] -- Generating done
[1.778s] -- Build files have been written to: /home/lx/go2/build/champ_gazebo
[1.791s] Invoked command in '/home/lx/go2/build/champ_gazebo' returned '0': AMENT_PREFIX_PATH=/home/lx/go2/install/champ_msgs:/home/lx/go2/install/champ:${AMENT_PREFIX_PATH} CMAKE_PREFIX_PATH=/home/lx/go2/install/champ_msgs:/home/lx/go2/install/champ:/opt/ros/humble LD_LIBRARY_PATH=/home/lx/go2/install/champ_msgs/lib:${LD_LIBRARY_PATH} PYTHONPATH=/home/lx/go2/install/champ_msgs/local/lib/python3.10/dist-packages:${PYTHONPATH} /usr/bin/cmake /home/lx/go2/src/unitree-go2-ros2/champ/champ_gazebo -DAMENT_CMAKE_SYMLINK_INSTALL=1 -DCMAKE_INSTALL_PREFIX=/home/lx/go2/install/champ_gazebo
[1.792s] Invoking command in '/home/lx/go2/build/champ_gazebo': AMENT_PREFIX_PATH=/home/lx/go2/install/champ_msgs:/home/lx/go2/install/champ:${AMENT_PREFIX_PATH} CMAKE_PREFIX_PATH=/home/lx/go2/install/champ_msgs:/home/lx/go2/install/champ:/opt/ros/humble LD_LIBRARY_PATH=/home/lx/go2/install/champ_msgs/lib:${LD_LIBRARY_PATH} PYTHONPATH=/home/lx/go2/install/champ_msgs/local/lib/python3.10/dist-packages:${PYTHONPATH} /usr/bin/cmake --build /home/lx/go2/build/champ_gazebo -- -j32 -l32
[1.830s] [ 50%] [32mBuilding CXX object CMakeFiles/contact_sensor.dir/src/contact_sensor.cpp.o[0m
[11.256s] [100%] [32m[1mLinking CXX executable contact_sensor[0m
[12.118s] [100%] Built target contact_sensor
[12.128s] Invoked command in '/home/lx/go2/build/champ_gazebo' returned '0': AMENT_PREFIX_PATH=/home/lx/go2/install/champ_msgs:/home/lx/go2/install/champ:${AMENT_PREFIX_PATH} CMAKE_PREFIX_PATH=/home/lx/go2/install/champ_msgs:/home/lx/go2/install/champ:/opt/ros/humble LD_LIBRARY_PATH=/home/lx/go2/install/champ_msgs/lib:${LD_LIBRARY_PATH} PYTHONPATH=/home/lx/go2/install/champ_msgs/local/lib/python3.10/dist-packages:${PYTHONPATH} /usr/bin/cmake --build /home/lx/go2/build/champ_gazebo -- -j32 -l32
[12.129s] Invoking command in '/home/lx/go2/build/champ_gazebo': AMENT_PREFIX_PATH=/home/lx/go2/install/champ_msgs:/home/lx/go2/install/champ:${AMENT_PREFIX_PATH} CMAKE_PREFIX_PATH=/home/lx/go2/install/champ_msgs:/home/lx/go2/install/champ:/opt/ros/humble LD_LIBRARY_PATH=/home/lx/go2/install/champ_msgs/lib:${LD_LIBRARY_PATH} PYTHONPATH=/home/lx/go2/install/champ_msgs/local/lib/python3.10/dist-packages:${PYTHONPATH} /usr/bin/cmake --install /home/lx/go2/build/champ_gazebo
[12.133s] -- Install configuration: ""
[12.133s] -- Execute custom install script
[12.134s] -- Symlinking: /home/lx/go2/install/champ_gazebo/bin/imu_sensor.py
[12.139s] -- Symlinking: /home/lx/go2/install/champ_gazebo/bin/odometry_tf.py
[12.145s] -- Symlinking: /home/lx/go2/install/champ_gazebo/bin/odometry.py
[12.151s] -- Symlinking: /home/lx/go2/install/champ_gazebo/lib/champ_gazebo/contact_sensor
[12.156s] -- Symlinking: /home/lx/go2/install/champ_gazebo/share/champ_gazebo/launch/gazebo.launch
[12.162s] -- Symlinking: /home/lx/go2/install/champ_gazebo/share/champ_gazebo/launch/gazebo.launch.py
[12.167s] -- Symlinking: /home/lx/go2/install/champ_gazebo/share/champ_gazebo/launch/spawn_robot.launch
[12.173s] -- Symlinking: /home/lx/go2/install/champ_gazebo/share/champ_gazebo/launch/spawn_world.launch
[12.179s] -- Symlinking: /home/lx/go2/install/champ_gazebo/share/champ_gazebo/config/gazebo.yaml
[12.184s] -- Symlinking: /home/lx/go2/install/champ_gazebo/share/champ_gazebo/config/ros_control.yaml
[12.190s] -- Symlinking: /home/lx/go2/install/champ_gazebo/share/champ_gazebo/worlds/default.world
[12.196s] -- Symlinking: /home/lx/go2/install/champ_gazebo/share/champ_gazebo/worlds/outdoor.world
[12.202s] -- Symlinking: /home/lx/go2/install/champ_gazebo/share/champ_gazebo/worlds/playground.world
[12.208s] -- Symlinking: /home/lx/go2/install/champ_gazebo/share/ament_index/resource_index/package_run_dependencies/champ_gazebo
[12.213s] -- Symlinking: /home/lx/go2/install/champ_gazebo/share/ament_index/resource_index/parent_prefix_path/champ_gazebo
[12.219s] -- Symlinking: /home/lx/go2/install/champ_gazebo/share/champ_gazebo/environment/ament_prefix_path.sh
[12.225s] -- Symlinking: /home/lx/go2/install/champ_gazebo/share/champ_gazebo/environment/ament_prefix_path.dsv
[12.230s] -- Symlinking: /home/lx/go2/install/champ_gazebo/share/champ_gazebo/environment/path.sh
[12.237s] -- Symlinking: /home/lx/go2/install/champ_gazebo/share/champ_gazebo/environment/path.dsv
[12.243s] -- Symlinking: /home/lx/go2/install/champ_gazebo/share/champ_gazebo/local_setup.bash
[12.249s] -- Symlinking: /home/lx/go2/install/champ_gazebo/share/champ_gazebo/local_setup.sh
[12.255s] -- Symlinking: /home/lx/go2/install/champ_gazebo/share/champ_gazebo/local_setup.zsh
[12.261s] -- Symlinking: /home/lx/go2/install/champ_gazebo/share/champ_gazebo/local_setup.dsv
[12.267s] -- Symlinking: /home/lx/go2/install/champ_gazebo/share/champ_gazebo/package.dsv
[12.273s] -- Symlinking: /home/lx/go2/install/champ_gazebo/share/ament_index/resource_index/packages/champ_gazebo
[12.279s] -- Symlinking: /home/lx/go2/install/champ_gazebo/share/champ_gazebo/cmake/ament_cmake_export_include_directories-extras.cmake
[12.284s] -- Symlinking: /home/lx/go2/install/champ_gazebo/share/champ_gazebo/cmake/ament_cmake_export_dependencies-extras.cmake
[12.299s] -- Symlinking: /home/lx/go2/install/champ_gazebo/share/champ_gazebo/cmake/champ_gazeboConfig.cmake
[12.305s] -- Symlinking: /home/lx/go2/install/champ_gazebo/share/champ_gazebo/cmake/champ_gazeboConfig-version.cmake
[12.310s] -- Symlinking: /home/lx/go2/install/champ_gazebo/share/champ_gazebo/package.xml
[12.317s] Invoked command in '/home/lx/go2/build/champ_gazebo' returned '0': AMENT_PREFIX_PATH=/home/lx/go2/install/champ_msgs:/home/lx/go2/install/champ:${AMENT_PREFIX_PATH} CMAKE_PREFIX_PATH=/home/lx/go2/install/champ_msgs:/home/lx/go2/install/champ:/opt/ros/humble LD_LIBRARY_PATH=/home/lx/go2/install/champ_msgs/lib:${LD_LIBRARY_PATH} PYTHONPATH=/home/lx/go2/install/champ_msgs/local/lib/python3.10/dist-packages:${PYTHONPATH} /usr/bin/cmake --install /home/lx/go2/build/champ_gazebo
