[0.018s] Invoking command in '/home/lx/go2/build/go2_config': CMAKE_PREFIX_PATH=/opt/ros/humble /usr/bin/cmake /home/lx/go2/src/unitree-go2-ros2/robots/configs/go2_config -DAMENT_CMAKE_SYMLINK_INSTALL=1 -DCMAKE_INSTALL_PREFIX=/home/lx/go2/install/go2_config
[0.071s] -- The C compiler identification is GNU 11.4.0
[0.121s] -- The CXX compiler identification is GNU 11.4.0
[0.128s] -- Detecting C compiler ABI info
[0.180s] -- Detecting C compiler ABI info - done
[0.185s] -- Check for working C compiler: /usr/bin/cc - skipped
[0.185s] -- Detecting C compile features
[0.186s] -- Detecting C compile features - done
[0.187s] -- Detecting CXX compiler ABI info
[0.245s] -- Detecting CXX compiler ABI info - done
[0.250s] -- Check for working CXX compiler: /usr/bin/c++ - skipped
[0.250s] -- Detecting CXX compile features
[0.251s] -- Detecting CXX compile features - done
[0.254s] -- Found ament_cmake: 1.3.11 (/opt/ros/humble/share/ament_cmake/cmake)
[0.351s] -- Found Python3: /usr/bin/python3 (found version "3.10.12") found components: Interpreter 
[0.394s] -- Override CMake install command with custom implementation using symlinks instead of copying resources
[0.463s] -- Configuring done
[0.465s] -- Generating done
[0.466s] -- Build files have been written to: /home/lx/go2/build/go2_config
[0.474s] Invoked command in '/home/lx/go2/build/go2_config' returned '0': CMAKE_PREFIX_PATH=/opt/ros/humble /usr/bin/cmake /home/lx/go2/src/unitree-go2-ros2/robots/configs/go2_config -DAMENT_CMAKE_SYMLINK_INSTALL=1 -DCMAKE_INSTALL_PREFIX=/home/lx/go2/install/go2_config
[0.475s] Invoking command in '/home/lx/go2/build/go2_config': CMAKE_PREFIX_PATH=/opt/ros/humble /usr/bin/cmake --build /home/lx/go2/build/go2_config -- -j32 -l32
[0.511s] Invoked command in '/home/lx/go2/build/go2_config' returned '0': CMAKE_PREFIX_PATH=/opt/ros/humble /usr/bin/cmake --build /home/lx/go2/build/go2_config -- -j32 -l32
[0.512s] Invoking command in '/home/lx/go2/build/go2_config': CMAKE_PREFIX_PATH=/opt/ros/humble /usr/bin/cmake --install /home/lx/go2/build/go2_config
[0.517s] -- Install configuration: ""
[0.517s] -- Execute custom install script
[0.517s] -- Symlinking: /home/lx/go2/install/go2_config/share/go2_config/launch/bringup.launch.py
[0.524s] -- Symlinking: /home/lx/go2/install/go2_config/share/go2_config/launch/gazebo.launch.py
[0.530s] -- Symlinking: /home/lx/go2/install/go2_config/share/go2_config/launch/gazebo_velodyne.launch.py
[0.536s] -- Symlinking: /home/lx/go2/install/go2_config/share/go2_config/launch/navigate.launch.py
[0.542s] -- Symlinking: /home/lx/go2/install/go2_config/share/go2_config/launch/slam.launch.py
[0.549s] -- Symlinking: /home/lx/go2/install/go2_config/share/go2_config/config/autonomy/navigation.yaml
[0.556s] -- Symlinking: /home/lx/go2/install/go2_config/share/go2_config/config/autonomy/slam.yaml
[0.563s] -- Symlinking: /home/lx/go2/install/go2_config/share/go2_config/config/gait/gait.yaml
[0.569s] -- Symlinking: /home/lx/go2/install/go2_config/share/go2_config/config/joints/joints.yaml
[0.575s] -- Symlinking: /home/lx/go2/install/go2_config/share/go2_config/config/links/links.yaml
[0.581s] -- Symlinking: /home/lx/go2/install/go2_config/share/go2_config/config/ros_control/ros_control.yaml
[0.588s] -- Symlinking: /home/lx/go2/install/go2_config/share/go2_config/maps/map.pgm
[0.595s] -- Symlinking: /home/lx/go2/install/go2_config/share/go2_config/maps/map.yaml
[0.602s] -- Symlinking: /home/lx/go2/install/go2_config/share/go2_config/maps/playground.pgm
[0.608s] -- Symlinking: /home/lx/go2/install/go2_config/share/go2_config/maps/playground.yaml
[0.616s] -- Symlinking: /home/lx/go2/install/go2_config/share/go2_config/worlds/default.world
[0.623s] -- Symlinking: /home/lx/go2/install/go2_config/share/go2_config/worlds/house.world
[0.630s] -- Symlinking: /home/lx/go2/install/go2_config/share/go2_config/worlds/my.world
[0.639s] -- Symlinking: /home/lx/go2/install/go2_config/share/go2_config/worlds/outdoor.world
[0.646s] -- Symlinking: /home/lx/go2/install/go2_config/share/go2_config/worlds/playground.world
[0.654s] -- Symlinking: /home/lx/go2/install/go2_config/share/go2_config/photos/DeskPortraitA_01.jpg
[0.660s] -- Symlinking: /home/lx/go2/install/go2_config/share/go2_config/photos/DeskPortraitA_02.jpg
[0.668s] -- Symlinking: /home/lx/go2/install/go2_config/share/go2_config/photos/DeskPortraitB_01.jpg
[0.674s] -- Symlinking: /home/lx/go2/install/go2_config/share/go2_config/photos/DeskPortraitB_02.jpg
[0.682s] -- Symlinking: /home/lx/go2/install/go2_config/share/go2_config/photos/DeskPortraitC_01.jpg
[0.688s] -- Symlinking: /home/lx/go2/install/go2_config/share/go2_config/photos/DeskPortraitC_02.jpg
[0.696s] -- Symlinking: /home/lx/go2/install/go2_config/share/go2_config/photos/DeskPortraitD_01.jpg
[0.703s] -- Symlinking: /home/lx/go2/install/go2_config/share/go2_config/photos/DeskPortraitD_02.jpg
[0.709s] -- Symlinking: /home/lx/go2/install/go2_config/share/go2_config/photos/DeskPortraitD_03.jpg
[0.715s] -- Symlinking: /home/lx/go2/install/go2_config/share/go2_config/photos/DeskPortraitD_04.jpg
[0.723s] -- Symlinking: /home/lx/go2/install/go2_config/share/go2_config/photos/PortraitA_01.jpg
[0.729s] -- Symlinking: /home/lx/go2/install/go2_config/share/go2_config/photos/PortraitA_02.jpg
[0.736s] -- Symlinking: /home/lx/go2/install/go2_config/share/go2_config/photos/PortraitB_01.jpg
[0.742s] -- Symlinking: /home/lx/go2/install/go2_config/share/go2_config/photos/PortraitB_02.jpg
[0.748s] -- Symlinking: /home/lx/go2/install/go2_config/share/go2_config/photos/PortraitB_03.jpg
[0.755s] -- Symlinking: /home/lx/go2/install/go2_config/share/go2_config/photos/PortraitC_01.jpg
[0.761s] -- Symlinking: /home/lx/go2/install/go2_config/share/go2_config/photos/PortraitD_01.jpg
[0.767s] -- Symlinking: /home/lx/go2/install/go2_config/share/go2_config/photos/PortraitD_02.jpg
[0.772s] -- Symlinking: /home/lx/go2/install/go2_config/share/go2_config/photos/PortraitE_01.jpg
[0.778s] -- Symlinking: /home/lx/go2/install/go2_config/share/go2_config/photos/PortraitE_02.jpg
[0.784s] [31mCMake Error at ament_cmake_symlink_install/ament_cmake_symlink_install.cmake:100 (message):
[0.784s]   ament_cmake_symlink_install_directory() can't find
[0.784s]   '/home/lx/go2/src/unitree-go2-ros2/robots/configs/go2_config/models'
[0.784s] Call Stack (most recent call first):
[0.784s]   ament_cmake_symlink_install/ament_cmake_symlink_install.cmake:314 (ament_cmake_symlink_install_directory)
[0.784s]   cmake_install.cmake:46 (include)
[0.784s] 
[0.785s] [0m
[0.786s] Invoked command in '/home/lx/go2/build/go2_config' returned '1': CMAKE_PREFIX_PATH=/opt/ros/humble /usr/bin/cmake --install /home/lx/go2/build/go2_config
