[0.025s] Invoking command in '/home/lx/go2/build/lio_sam': CMAKE_PREFIX_PATH=/opt/ros/humble /usr/bin/cmake --build /home/lx/go2/build/lio_sam -- -j32 -l32
[0.061s] [  2%] [34m[1mGenerating C code for ROS interfaces[0m
[0.082s] [  4%] [34m[1mGenerating C++ code for ROS interfaces[0m
[0.090s] [  4%] Built target ament_cmake_python_symlink_lio_sam
[0.247s] running egg_info
[0.248s] creating lio_sam.egg-info
[0.248s] writing lio_sam.egg-info/PKG-INFO
[0.248s] writing dependency_links to lio_sam.egg-info/dependency_links.txt
[0.248s] writing top-level names to lio_sam.egg-info/top_level.txt
[0.248s] writing manifest file 'lio_sam.egg-info/SOURCES.txt'
[0.250s] reading manifest file 'lio_sam.egg-info/SOURCES.txt'
[0.250s] writing manifest file 'lio_sam.egg-info/SOURCES.txt'
[0.270s] [  4%] Built target ament_cmake_python_build_lio_sam_egg
[0.335s] [  4%] Built target lio_sam__cpp
[0.336s] [  8%] [32mBuilding C object CMakeFiles/lio_sam__rosidl_generator_c.dir/rosidl_generator_c/lio_sam/srv/detail/save_map__functions.c.o[0m
[0.337s] [  8%] [32mBuilding C object CMakeFiles/lio_sam__rosidl_generator_c.dir/rosidl_generator_c/lio_sam/msg/detail/cloud_info__functions.c.o[0m
[0.341s] [ 10%] [34m[1mGenerating C++ type support dispatch for ROS interfaces[0m
[0.341s] [ 12%] [34m[1mGenerating C++ type support for eProsima Fast-RTPS[0m
[0.341s] [ 14%] [34m[1mGenerating C++ introspection for ROS interfaces[0m
[0.428s] [ 17%] [32m[1mLinking C shared library liblio_sam__rosidl_generator_c.so[0m
[0.464s] [ 17%] Built target lio_sam__rosidl_generator_c
[0.475s] [ 19%] [34m[1mGenerating C type support for eProsima Fast-RTPS[0m
[0.476s] [ 23%] [34m[1mGenerating C type support dispatch for ROS interfaces[0m
[0.476s] [ 23%] [34m[1mGenerating C introspection for ROS interfaces[0m
[0.570s] [ 25%] [32mBuilding CXX object CMakeFiles/lio_sam__rosidl_typesupport_cpp.dir/rosidl_typesupport_cpp/lio_sam/msg/cloud_info__type_support.cpp.o[0m
[0.571s] [ 27%] [32mBuilding CXX object CMakeFiles/lio_sam__rosidl_typesupport_cpp.dir/rosidl_typesupport_cpp/lio_sam/srv/save_map__type_support.cpp.o[0m
[0.582s] [ 29%] [32mBuilding CXX object CMakeFiles/lio_sam__rosidl_typesupport_introspection_cpp.dir/rosidl_typesupport_introspection_cpp/lio_sam/msg/detail/cloud_info__type_support.cpp.o[0m
[0.583s] [ 31%] [32mBuilding CXX object CMakeFiles/lio_sam__rosidl_typesupport_introspection_cpp.dir/rosidl_typesupport_introspection_cpp/lio_sam/srv/detail/save_map__type_support.cpp.o[0m
[0.607s] [ 34%] [32mBuilding CXX object CMakeFiles/lio_sam__rosidl_typesupport_fastrtps_cpp.dir/rosidl_typesupport_fastrtps_cpp/lio_sam/msg/detail/dds_fastrtps/cloud_info__type_support.cpp.o[0m
[0.607s] [ 36%] [32mBuilding CXX object CMakeFiles/lio_sam__rosidl_typesupport_fastrtps_cpp.dir/rosidl_typesupport_fastrtps_cpp/lio_sam/srv/detail/dds_fastrtps/save_map__type_support.cpp.o[0m
[0.710s] [ 40%] [32mBuilding CXX object CMakeFiles/lio_sam__rosidl_typesupport_c.dir/rosidl_typesupport_c/lio_sam/srv/save_map__type_support.cpp.o[0m
[0.710s] [ 40%] [32mBuilding CXX object CMakeFiles/lio_sam__rosidl_typesupport_c.dir/rosidl_typesupport_c/lio_sam/msg/cloud_info__type_support.cpp.o[0m
[0.742s] [ 42%] [32mBuilding CXX object CMakeFiles/lio_sam__rosidl_typesupport_fastrtps_c.dir/rosidl_typesupport_fastrtps_c/lio_sam/msg/detail/cloud_info__type_support_c.cpp.o[0m
[0.744s] [ 44%] [32mBuilding CXX object CMakeFiles/lio_sam__rosidl_typesupport_fastrtps_c.dir/rosidl_typesupport_fastrtps_c/lio_sam/srv/detail/save_map__type_support_c.cpp.o[0m
[0.750s] [ 46%] [32m[1mLinking CXX shared library liblio_sam__rosidl_typesupport_c.so[0m
[0.763s] [ 48%] [32mBuilding C object CMakeFiles/lio_sam__rosidl_typesupport_introspection_c.dir/rosidl_typesupport_introspection_c/lio_sam/msg/detail/cloud_info__type_support.c.o[0m
[0.763s] [ 51%] [32mBuilding C object CMakeFiles/lio_sam__rosidl_typesupport_introspection_c.dir/rosidl_typesupport_introspection_c/lio_sam/srv/detail/save_map__type_support.c.o[0m
[0.813s] [ 51%] Built target lio_sam__rosidl_typesupport_c
[0.874s] [ 53%] [32m[1mLinking C shared library liblio_sam__rosidl_typesupport_introspection_c.so[0m
[0.875s] [ 55%] [32m[1mLinking CXX shared library liblio_sam__rosidl_typesupport_cpp.so[0m
[0.945s] [ 55%] Built target lio_sam__rosidl_typesupport_introspection_c
[0.974s] [ 55%] Built target lio_sam__rosidl_typesupport_cpp
[1.038s] [ 57%] [32mBuilding CXX object CMakeFiles/lio_sam_featureExtraction.dir/src/featureExtraction.cpp.o[0m
[1.038s] [ 59%] [32mBuilding CXX object CMakeFiles/lio_sam_imageProjection.dir/src/imageProjection.cpp.o[0m
[1.043s] [ 61%] [32mBuilding CXX object CMakeFiles/lio_sam_mapOptimization.dir/src/mapOptmization.cpp.o[0m
[1.053s] [ 63%] [32mBuilding CXX object CMakeFiles/lio_sam_imuPreintegration.dir/src/imuPreintegration.cpp.o[0m
[1.179s] [ 65%] [32m[1mLinking CXX shared library liblio_sam__rosidl_typesupport_introspection_cpp.so[0m
[1.256s] [ 68%] [32m[1mLinking CXX shared library liblio_sam__rosidl_typesupport_fastrtps_c.so[0m
[1.304s] [ 68%] Built target lio_sam__rosidl_typesupport_introspection_cpp
[1.308s] [ 70%] [32m[1mLinking CXX shared library liblio_sam__rosidl_typesupport_fastrtps_cpp.so[0m
[1.365s] [ 70%] Built target lio_sam__rosidl_typesupport_fastrtps_c
[1.404s] [ 70%] Built target lio_sam__rosidl_typesupport_fastrtps_cpp
[1.425s] [ 70%] Built target lio_sam
[1.446s] [ 72%] [34m[1mGenerating Python code for ROS interfaces[0m
[1.811s] [ 72%] Built target lio_sam__py
[1.827s] [ 76%] [32mBuilding C object CMakeFiles/lio_sam__rosidl_generator_py.dir/rosidl_generator_py/lio_sam/srv/_save_map_s.c.o[0m
[1.827s] [ 76%] [32mBuilding C object CMakeFiles/lio_sam__rosidl_generator_py.dir/rosidl_generator_py/lio_sam/msg/_cloud_info_s.c.o[0m
[1.991s] [ 78%] [32m[1mLinking C shared library rosidl_generator_py/lio_sam/liblio_sam__rosidl_generator_py.so[0m
[2.045s] [ 78%] Built target lio_sam__rosidl_generator_py
[2.067s] [ 82%] [32mBuilding C object CMakeFiles/lio_sam__rosidl_typesupport_introspection_c__pyext.dir/rosidl_generator_py/lio_sam/_lio_sam_s.ep.rosidl_typesupport_introspection_c.c.o[0m
[2.067s] [ 82%] [32mBuilding C object CMakeFiles/lio_sam__rosidl_typesupport_fastrtps_c__pyext.dir/rosidl_generator_py/lio_sam/_lio_sam_s.ep.rosidl_typesupport_fastrtps_c.c.o[0m
[2.068s] [ 85%] [32mBuilding C object CMakeFiles/lio_sam__rosidl_typesupport_c__pyext.dir/rosidl_generator_py/lio_sam/_lio_sam_s.ep.rosidl_typesupport_c.c.o[0m
[2.188s] [ 87%] [32m[1mLinking C shared library rosidl_generator_py/lio_sam/lio_sam_s__rosidl_typesupport_introspection_c.cpython-310-x86_64-linux-gnu.so[0m
[2.194s] [ 89%] [32m[1mLinking C shared library rosidl_generator_py/lio_sam/lio_sam_s__rosidl_typesupport_fastrtps_c.cpython-310-x86_64-linux-gnu.so[0m
[2.195s] [ 91%] [32m[1mLinking C shared library rosidl_generator_py/lio_sam/lio_sam_s__rosidl_typesupport_c.cpython-310-x86_64-linux-gnu.so[0m
[2.219s] [ 91%] Built target lio_sam__rosidl_typesupport_introspection_c__pyext
[2.225s] [ 91%] Built target lio_sam__rosidl_typesupport_fastrtps_c__pyext
[2.225s] [ 91%] Built target lio_sam__rosidl_typesupport_c__pyext
[16.132s] [ 93%] [32m[1mLinking CXX executable lio_sam_featureExtraction[0m
[16.483s] [ 93%] Built target lio_sam_featureExtraction
[19.125s] [ 95%] [32m[1mLinking CXX executable lio_sam_imageProjection[0m
[19.397s] [ 95%] Built target lio_sam_imageProjection
[23.712s] [ 97%] [32m[1mLinking CXX executable lio_sam_imuPreintegration[0m
[24.023s] [ 97%] Built target lio_sam_imuPreintegration
[35.527s] [100%] [32m[1mLinking CXX executable lio_sam_mapOptimization[0m
[35.808s] /usr/bin/ld: warning: libtbb.so.2, needed by /usr/lib/x86_64-linux-gnu/libopencv_core.so.4.5.4d, may conflict with libtbb.so.12
[35.937s] [100%] Built target lio_sam_mapOptimization
