[0.019s] Invoking command in '/home/lx/go2/build/champ_teleop': CMAKE_PREFIX_PATH=/opt/ros/humble /usr/bin/cmake /home/lx/go2/src/unitree-go2-ros2/champ_teleop -DAMENT_CMAKE_SYMLINK_INSTALL=1 -DCMAKE_INSTALL_PREFIX=/home/lx/go2/install/champ_teleop
[0.073s] -- The C compiler identification is GNU 11.4.0
[0.124s] -- The CXX compiler identification is GNU 11.4.0
[0.130s] -- Detecting C compiler ABI info
[0.183s] -- Detecting C compiler ABI info - done
[0.188s] -- Check for working C compiler: /usr/bin/cc - skipped
[0.188s] -- Detecting C compile features
[0.188s] -- Detecting C compile features - done
[0.189s] -- Detecting CXX compiler ABI info
[0.247s] -- Detecting CXX compiler ABI info - done
[0.252s] -- Check for working CXX compiler: /usr/bin/c++ - skipped
[0.252s] -- Detecting CXX compile features
[0.253s] -- Detecting CXX compile features - done
[0.257s] -- Found ament_cmake: 1.3.11 (/opt/ros/humble/share/ament_cmake/cmake)
[0.353s] -- Found Python3: /usr/bin/python3 (found version "3.10.12") found components: Interpreter 
[0.395s] -- Override CMake install command with custom implementation using symlinks instead of copying resources
[0.465s] -- Configuring done
[0.467s] -- Generating done
[0.468s] -- Build files have been written to: /home/lx/go2/build/champ_teleop
[0.478s] Invoked command in '/home/lx/go2/build/champ_teleop' returned '0': CMAKE_PREFIX_PATH=/opt/ros/humble /usr/bin/cmake /home/lx/go2/src/unitree-go2-ros2/champ_teleop -DAMENT_CMAKE_SYMLINK_INSTALL=1 -DCMAKE_INSTALL_PREFIX=/home/lx/go2/install/champ_teleop
[0.480s] Invoking command in '/home/lx/go2/build/champ_teleop': CMAKE_PREFIX_PATH=/opt/ros/humble /usr/bin/cmake --build /home/lx/go2/build/champ_teleop -- -j32 -l32
[0.509s] Invoked command in '/home/lx/go2/build/champ_teleop' returned '0': CMAKE_PREFIX_PATH=/opt/ros/humble /usr/bin/cmake --build /home/lx/go2/build/champ_teleop -- -j32 -l32
[0.510s] Invoking command in '/home/lx/go2/build/champ_teleop': CMAKE_PREFIX_PATH=/opt/ros/humble /usr/bin/cmake --install /home/lx/go2/build/champ_teleop
[0.515s] -- Install configuration: ""
[0.515s] -- Execute custom install script
[0.515s] -- Symlinking: /home/lx/go2/install/champ_teleop/share/champ_teleop/launch/teleop.launch.py
[0.522s] -- Symlinking: /home/lx/go2/install/champ_teleop/lib/champ_teleop/champ_teleop.py
[0.528s] -- Symlinking: /home/lx/go2/install/champ_teleop/share/ament_index/resource_index/package_run_dependencies/champ_teleop
[0.534s] -- Symlinking: /home/lx/go2/install/champ_teleop/share/ament_index/resource_index/parent_prefix_path/champ_teleop
[0.540s] -- Symlinking: /home/lx/go2/install/champ_teleop/share/champ_teleop/environment/ament_prefix_path.sh
[0.546s] -- Symlinking: /home/lx/go2/install/champ_teleop/share/champ_teleop/environment/ament_prefix_path.dsv
[0.554s] -- Symlinking: /home/lx/go2/install/champ_teleop/share/champ_teleop/environment/path.sh
[0.560s] -- Symlinking: /home/lx/go2/install/champ_teleop/share/champ_teleop/environment/path.dsv
[0.567s] -- Symlinking: /home/lx/go2/install/champ_teleop/share/champ_teleop/local_setup.bash
[0.573s] -- Symlinking: /home/lx/go2/install/champ_teleop/share/champ_teleop/local_setup.sh
[0.580s] -- Symlinking: /home/lx/go2/install/champ_teleop/share/champ_teleop/local_setup.zsh
[0.586s] -- Symlinking: /home/lx/go2/install/champ_teleop/share/champ_teleop/local_setup.dsv
[0.592s] -- Symlinking: /home/lx/go2/install/champ_teleop/share/champ_teleop/package.dsv
[0.598s] -- Symlinking: /home/lx/go2/install/champ_teleop/share/ament_index/resource_index/packages/champ_teleop
[0.605s] -- Symlinking: /home/lx/go2/install/champ_teleop/share/champ_teleop/cmake/champ_teleopConfig.cmake
[0.612s] -- Symlinking: /home/lx/go2/install/champ_teleop/share/champ_teleop/cmake/champ_teleopConfig-version.cmake
[0.620s] -- Symlinking: /home/lx/go2/install/champ_teleop/share/champ_teleop/package.xml
[0.630s] Invoked command in '/home/lx/go2/build/champ_teleop' returned '0': CMAKE_PREFIX_PATH=/opt/ros/humble /usr/bin/cmake --install /home/lx/go2/build/champ_teleop
