[0.022s] Invoking command in '/home/lx/go2/build/champ_description': CMAKE_PREFIX_PATH=/opt/ros/humble /usr/bin/cmake /home/lx/go2/src/unitree-go2-ros2/champ/champ_description -DAMENT_CMAKE_SYMLINK_INSTALL=1 -DCMAKE_INSTALL_PREFIX=/home/lx/go2/install/champ_description
[0.080s] -- The C compiler identification is GNU 11.4.0
[0.129s] -- The CXX compiler identification is GNU 11.4.0
[0.136s] -- Detecting C compiler ABI info
[0.187s] -- Detecting C compiler ABI info - done
[0.192s] -- Check for working C compiler: /usr/bin/cc - skipped
[0.192s] -- Detecting C compile features
[0.193s] -- Detecting C compile features - done
[0.194s] -- Detecting CXX compiler ABI info
[0.253s] -- Detecting CXX compiler ABI info - done
[0.258s] -- Check for working CXX compiler: /usr/bin/c++ - skipped
[0.259s] -- Detecting CXX compile features
[0.259s] -- Detecting CXX compile features - done
[0.263s] -- Found ament_cmake: 1.3.11 (/opt/ros/humble/share/ament_cmake/cmake)
[0.359s] -- Found Python3: /usr/bin/python3 (found version "3.10.12") found components: Interpreter 
[0.402s] -- Override CMake install command with custom implementation using symlinks instead of copying resources
[0.432s] -- Found ament_lint_auto: 0.12.12 (/opt/ros/humble/share/ament_lint_auto/cmake)
[0.471s] -- Configuring done
[0.473s] -- Generating done
[0.474s] -- Build files have been written to: /home/lx/go2/build/champ_description
[0.478s] Invoked command in '/home/lx/go2/build/champ_description' returned '0': CMAKE_PREFIX_PATH=/opt/ros/humble /usr/bin/cmake /home/lx/go2/src/unitree-go2-ros2/champ/champ_description -DAMENT_CMAKE_SYMLINK_INSTALL=1 -DCMAKE_INSTALL_PREFIX=/home/lx/go2/install/champ_description
[0.480s] Invoking command in '/home/lx/go2/build/champ_description': CMAKE_PREFIX_PATH=/opt/ros/humble /usr/bin/cmake --build /home/lx/go2/build/champ_description -- -j32 -l32
[0.507s] Invoked command in '/home/lx/go2/build/champ_description' returned '0': CMAKE_PREFIX_PATH=/opt/ros/humble /usr/bin/cmake --build /home/lx/go2/build/champ_description -- -j32 -l32
[0.514s] Invoking command in '/home/lx/go2/build/champ_description': CMAKE_PREFIX_PATH=/opt/ros/humble /usr/bin/cmake --install /home/lx/go2/build/champ_description
[0.519s] -- Install configuration: ""
[0.520s] -- Execute custom install script
[0.520s] -- Symlinking: /home/lx/go2/install/champ_description/share/champ_description/launch/description.launch
[0.525s] -- Symlinking: /home/lx/go2/install/champ_description/share/champ_description/launch/description.launch.py
[0.532s] -- Symlinking: /home/lx/go2/install/champ_description/share/champ_description/launch/view_urdf.launch
[0.538s] -- Symlinking: /home/lx/go2/install/champ_description/share/champ_description/rviz/urdf_viewer.rviz
[0.545s] -- Symlinking: /home/lx/go2/install/champ_description/share/champ_description/meshes/arm/base.stl
[0.552s] -- Symlinking: /home/lx/go2/install/champ_description/share/champ_description/meshes/arm/lower_arm.stl
[0.558s] -- Symlinking: /home/lx/go2/install/champ_description/share/champ_description/meshes/arm/upper_arm.stl
[0.565s] -- Symlinking: /home/lx/go2/install/champ_description/share/champ_description/meshes/arm/wrist1.stl
[0.571s] -- Symlinking: /home/lx/go2/install/champ_description/share/champ_description/meshes/arm/wrist2.stl
[0.578s] -- Symlinking: /home/lx/go2/install/champ_description/share/champ_description/meshes/asus_camera_simple.dae
[0.584s] -- Symlinking: /home/lx/go2/install/champ_description/share/champ_description/meshes/base.stl
[0.591s] -- Symlinking: /home/lx/go2/install/champ_description/share/champ_description/meshes/base_simple.stl
[0.597s] -- Symlinking: /home/lx/go2/install/champ_description/share/champ_description/meshes/hip.stl
[0.604s] -- Symlinking: /home/lx/go2/install/champ_description/share/champ_description/meshes/hokuyo_utm_30lx.dae
[0.611s] -- Symlinking: /home/lx/go2/install/champ_description/share/champ_description/meshes/lower_leg.stl
[0.618s] -- Symlinking: /home/lx/go2/install/champ_description/share/champ_description/meshes/lower_leg_simple.stl
[0.625s] -- Symlinking: /home/lx/go2/install/champ_description/share/champ_description/meshes/upper_leg.stl
[0.632s] -- Symlinking: /home/lx/go2/install/champ_description/share/champ_description/meshes/upper_leg_simple.stl
[0.639s] -- Symlinking: /home/lx/go2/install/champ_description/share/champ_description/urdf/accessories.urdf.xacro
[0.646s] -- Symlinking: /home/lx/go2/install/champ_description/share/champ_description/urdf/asus_camera.urdf.xacro
[0.652s] -- Symlinking: /home/lx/go2/install/champ_description/share/champ_description/urdf/champ.urdf
[0.658s] -- Symlinking: /home/lx/go2/install/champ_description/share/champ_description/urdf/champ.urdf.xacro
[0.664s] -- Symlinking: /home/lx/go2/install/champ_description/share/champ_description/urdf/champ_arm.urdf
[0.671s] -- Symlinking: /home/lx/go2/install/champ_description/share/champ_description/urdf/champ_velodyne.urdf
[0.677s] -- Symlinking: /home/lx/go2/install/champ_description/share/champ_description/urdf/gen_urdf
[0.684s] -- Symlinking: /home/lx/go2/install/champ_description/share/champ_description/urdf/hokuyo_utm30lx.urdf.xacro
[0.691s] -- Symlinking: /home/lx/go2/install/champ_description/share/champ_description/urdf/leg.urdf.xacro
[0.699s] -- Symlinking: /home/lx/go2/install/champ_description/share/champ_description/urdf/properties.urdf.xacro
[0.706s] -- Symlinking: /home/lx/go2/install/champ_description/share/ament_index/resource_index/package_run_dependencies/champ_description
[0.714s] -- Symlinking: /home/lx/go2/install/champ_description/share/ament_index/resource_index/parent_prefix_path/champ_description
[0.720s] -- Symlinking: /home/lx/go2/install/champ_description/share/champ_description/environment/ament_prefix_path.sh
[0.726s] -- Symlinking: /home/lx/go2/install/champ_description/share/champ_description/environment/ament_prefix_path.dsv
[0.733s] -- Symlinking: /home/lx/go2/install/champ_description/share/champ_description/environment/path.sh
[0.740s] -- Symlinking: /home/lx/go2/install/champ_description/share/champ_description/environment/path.dsv
[0.746s] -- Symlinking: /home/lx/go2/install/champ_description/share/champ_description/local_setup.bash
[0.752s] -- Symlinking: /home/lx/go2/install/champ_description/share/champ_description/local_setup.sh
[0.758s] -- Symlinking: /home/lx/go2/install/champ_description/share/champ_description/local_setup.zsh
[0.765s] -- Symlinking: /home/lx/go2/install/champ_description/share/champ_description/local_setup.dsv
[0.772s] -- Symlinking: /home/lx/go2/install/champ_description/share/champ_description/package.dsv
[0.778s] -- Symlinking: /home/lx/go2/install/champ_description/share/ament_index/resource_index/packages/champ_description
[0.784s] -- Symlinking: /home/lx/go2/install/champ_description/share/champ_description/cmake/champ_descriptionConfig.cmake
[0.789s] -- Symlinking: /home/lx/go2/install/champ_description/share/champ_description/cmake/champ_descriptionConfig-version.cmake
[0.795s] -- Symlinking: /home/lx/go2/install/champ_description/share/champ_description/package.xml
