[0.026s] Invoking command in '/home/lx/go2/build/champ_teleop': CMAKE_PREFIX_PATH=/opt/ros/humble /usr/bin/cmake --build /home/lx/go2/build/champ_teleop -- -j32 -l32
[0.063s] Invoked command in '/home/lx/go2/build/champ_teleop' returned '0': CMAKE_PREFIX_PATH=/opt/ros/humble /usr/bin/cmake --build /home/lx/go2/build/champ_teleop -- -j32 -l32
[0.064s] Invoking command in '/home/lx/go2/build/champ_teleop': CMAKE_PREFIX_PATH=/opt/ros/humble /usr/bin/cmake --install /home/lx/go2/build/champ_teleop
[0.079s] -- Install configuration: ""
[0.079s] -- Execute custom install script
[0.079s] -- Up-to-date symlink: /home/lx/go2/install/champ_teleop/share/champ_teleop/launch/teleop.launch.py
[0.079s] -- Up-to-date symlink: /home/lx/go2/install/champ_teleop/lib/champ_teleop/champ_teleop.py
[0.079s] -- Up-to-date symlink: /home/lx/go2/install/champ_teleop/share/ament_index/resource_index/package_run_dependencies/champ_teleop
[0.079s] -- Up-to-date symlink: /home/lx/go2/install/champ_teleop/share/ament_index/resource_index/parent_prefix_path/champ_teleop
[0.079s] -- Up-to-date symlink: /home/lx/go2/install/champ_teleop/share/champ_teleop/environment/ament_prefix_path.sh
[0.079s] -- Up-to-date symlink: /home/lx/go2/install/champ_teleop/share/champ_teleop/environment/ament_prefix_path.dsv
[0.079s] -- Up-to-date symlink: /home/lx/go2/install/champ_teleop/share/champ_teleop/environment/path.sh
[0.080s] -- Up-to-date symlink: /home/lx/go2/install/champ_teleop/share/champ_teleop/environment/path.dsv
[0.080s] -- Up-to-date symlink: /home/lx/go2/install/champ_teleop/share/champ_teleop/local_setup.bash
[0.080s] -- Up-to-date symlink: /home/lx/go2/install/champ_teleop/share/champ_teleop/local_setup.sh
[0.080s] -- Up-to-date symlink: /home/lx/go2/install/champ_teleop/share/champ_teleop/local_setup.zsh
[0.080s] -- Up-to-date symlink: /home/lx/go2/install/champ_teleop/share/champ_teleop/local_setup.dsv
[0.080s] -- Symlinking: /home/lx/go2/install/champ_teleop/share/champ_teleop/package.dsv
[0.094s] -- Up-to-date symlink: /home/lx/go2/install/champ_teleop/share/ament_index/resource_index/packages/champ_teleop
[0.094s] -- Up-to-date symlink: /home/lx/go2/install/champ_teleop/share/champ_teleop/cmake/champ_teleopConfig.cmake
[0.095s] -- Up-to-date symlink: /home/lx/go2/install/champ_teleop/share/champ_teleop/cmake/champ_teleopConfig-version.cmake
[0.095s] -- Up-to-date symlink: /home/lx/go2/install/champ_teleop/share/champ_teleop/package.xml
[0.113s] Invoked command in '/home/lx/go2/build/champ_teleop' returned '0': CMAKE_PREFIX_PATH=/opt/ros/humble /usr/bin/cmake --install /home/lx/go2/build/champ_teleop
