[0.021s] Invoking command in '/home/lx/go2/build/champ_config': CMAKE_PREFIX_PATH=/opt/ros/humble /usr/bin/cmake /home/lx/go2/src/unitree-go2-ros2/champ/champ_config -DAMENT_CMAKE_SYMLINK_INSTALL=1 -DCMAKE_INSTALL_PREFIX=/home/lx/go2/install/champ_config
[0.077s] -- The C compiler identification is GNU 11.4.0
[0.127s] -- The CXX compiler identification is GNU 11.4.0
[0.135s] -- Detecting C compiler ABI info
[0.186s] -- Detecting C compiler ABI info - done
[0.191s] -- Check for working C compiler: /usr/bin/cc - skipped
[0.191s] -- Detecting C compile features
[0.191s] -- Detecting C compile features - done
[0.192s] -- Detecting CXX compiler ABI info
[0.252s] -- Detecting CXX compiler ABI info - done
[0.257s] -- Check for working CXX compiler: /usr/bin/c++ - skipped
[0.257s] -- Detecting CXX compile features
[0.257s] -- Detecting CXX compile features - done
[0.261s] -- Found ament_cmake: 1.3.11 (/opt/ros/humble/share/ament_cmake/cmake)
[0.357s] -- Found Python3: /usr/bin/python3 (found version "3.10.12") found components: Interpreter 
[0.400s] -- Override CMake install command with custom implementation using symlinks instead of copying resources
[0.469s] -- Configuring done
[0.471s] -- Generating done
[0.472s] -- Build files have been written to: /home/lx/go2/build/champ_config
[0.479s] Invoked command in '/home/lx/go2/build/champ_config' returned '0': CMAKE_PREFIX_PATH=/opt/ros/humble /usr/bin/cmake /home/lx/go2/src/unitree-go2-ros2/champ/champ_config -DAMENT_CMAKE_SYMLINK_INSTALL=1 -DCMAKE_INSTALL_PREFIX=/home/lx/go2/install/champ_config
[0.480s] Invoking command in '/home/lx/go2/build/champ_config': CMAKE_PREFIX_PATH=/opt/ros/humble /usr/bin/cmake --build /home/lx/go2/build/champ_config -- -j32 -l32
[0.514s] Invoked command in '/home/lx/go2/build/champ_config' returned '0': CMAKE_PREFIX_PATH=/opt/ros/humble /usr/bin/cmake --build /home/lx/go2/build/champ_config -- -j32 -l32
[0.515s] Invoking command in '/home/lx/go2/build/champ_config': CMAKE_PREFIX_PATH=/opt/ros/humble /usr/bin/cmake --install /home/lx/go2/build/champ_config
[0.520s] -- Install configuration: ""
[0.520s] -- Execute custom install script
[0.520s] -- Symlinking: /home/lx/go2/install/champ_config/share/champ_config/launch/bringup.launch.py
[0.527s] -- Symlinking: /home/lx/go2/install/champ_config/share/champ_config/launch/gazebo.launch.py
[0.533s] -- Symlinking: /home/lx/go2/install/champ_config/share/champ_config/launch/navigate.launch.py
[0.539s] -- Symlinking: /home/lx/go2/install/champ_config/share/champ_config/launch/slam.launch.py
[0.546s] -- Symlinking: /home/lx/go2/install/champ_config/share/champ_config/config/autonomy/navigation.yaml
[0.553s] -- Symlinking: /home/lx/go2/install/champ_config/share/champ_config/config/autonomy/slam.yaml
[0.559s] -- Symlinking: /home/lx/go2/install/champ_config/share/champ_config/config/gait/gait.yaml
[0.565s] -- Symlinking: /home/lx/go2/install/champ_config/share/champ_config/config/joints/joints.yaml
[0.572s] -- Symlinking: /home/lx/go2/install/champ_config/share/champ_config/config/links/links.yaml
[0.578s] -- Symlinking: /home/lx/go2/install/champ_config/share/champ_config/maps/map.pgm
[0.585s] -- Symlinking: /home/lx/go2/install/champ_config/share/champ_config/maps/map.yaml
[0.591s] -- Symlinking: /home/lx/go2/install/champ_config/share/champ_config/maps/playground.pgm
[0.598s] -- Symlinking: /home/lx/go2/install/champ_config/share/champ_config/maps/playground.yaml
[0.604s] -- Symlinking: /home/lx/go2/install/champ_config/share/champ_config/worlds/default.world
[0.611s] -- Symlinking: /home/lx/go2/install/champ_config/share/champ_config/worlds/outdoor.world
[0.619s] -- Symlinking: /home/lx/go2/install/champ_config/share/champ_config/worlds/playground.world
[0.628s] -- Symlinking: /home/lx/go2/install/champ_config/share/ament_index/resource_index/package_run_dependencies/champ_config
[0.636s] -- Symlinking: /home/lx/go2/install/champ_config/share/ament_index/resource_index/parent_prefix_path/champ_config
[0.643s] -- Symlinking: /home/lx/go2/install/champ_config/share/champ_config/environment/ament_prefix_path.sh
[0.650s] -- Symlinking: /home/lx/go2/install/champ_config/share/champ_config/environment/ament_prefix_path.dsv
[0.656s] -- Symlinking: /home/lx/go2/install/champ_config/share/champ_config/environment/path.sh
[0.662s] -- Symlinking: /home/lx/go2/install/champ_config/share/champ_config/environment/path.dsv
[0.669s] -- Symlinking: /home/lx/go2/install/champ_config/share/champ_config/local_setup.bash
[0.675s] -- Symlinking: /home/lx/go2/install/champ_config/share/champ_config/local_setup.sh
[0.683s] -- Symlinking: /home/lx/go2/install/champ_config/share/champ_config/local_setup.zsh
[0.690s] -- Symlinking: /home/lx/go2/install/champ_config/share/champ_config/local_setup.dsv
[0.697s] -- Symlinking: /home/lx/go2/install/champ_config/share/champ_config/package.dsv
[0.704s] -- Symlinking: /home/lx/go2/install/champ_config/share/ament_index/resource_index/packages/champ_config
[0.711s] -- Symlinking: /home/lx/go2/install/champ_config/share/champ_config/cmake/champ_configConfig.cmake
[0.718s] -- Symlinking: /home/lx/go2/install/champ_config/share/champ_config/cmake/champ_configConfig-version.cmake
[0.724s] -- Symlinking: /home/lx/go2/install/champ_config/share/champ_config/package.xml
[0.732s] Invoked command in '/home/lx/go2/build/champ_config' returned '0': CMAKE_PREFIX_PATH=/opt/ros/humble /usr/bin/cmake --install /home/lx/go2/build/champ_config
