-- Install configuration: ""
-- Execute custom install script
-- Symlinking: /home/lx/go2/install/champ/include/champ/LICENSE
-- Symlinking: /home/lx/go2/install/champ/include/champ/README.md
-- Symlinking: /home/lx/go2/install/champ/include/champ/bla/basic_linear_algebra.h
-- Symlinking: /home/lx/go2/install/champ/include/champ/bla/memory_delegate.h
-- Symlinking: /home/lx/go2/install/champ/include/champ/body_controller/body_controller.h
-- Symlinking: /home/lx/go2/install/champ/include/champ/geometry/geometry.h
-- Symlinking: /home/lx/go2/install/champ/include/champ/kinematics/kinematics.h
-- Symlinking: /home/lx/go2/install/champ/include/champ/leg_controller/leg_controller.h
-- Symlinking: /home/lx/go2/install/champ/include/champ/leg_controller/phase_generator.h
-- Symlinking: /home/lx/go2/install/champ/include/champ/leg_controller/trajectory_planner.h
-- Symlinking: /home/lx/go2/install/champ/include/champ/macros/macros.h
-- Symlinking: /home/lx/go2/install/champ/include/champ/odometry/odometry.h
-- Symlinking: /home/lx/go2/install/champ/include/champ/quadruped_base/quadruped_base.h
-- Symlinking: /home/lx/go2/install/champ/include/champ/quadruped_base/quadruped_components.h
-- Symlinking: /home/lx/go2/install/champ/include/champ/quadruped_base/quadruped_joint.h
-- Symlinking: /home/lx/go2/install/champ/include/champ/quadruped_base/quadruped_leg.h
-- Symlinking: /home/lx/go2/install/champ/include/champ/utils/urdf_loader.h
-- Symlinking: /home/lx/go2/install/champ/include/champ/utils/xmlrpc_helpers.h
-- Symlinking: /home/lx/go2/install/champ/share/ament_index/resource_index/package_run_dependencies/champ
-- Symlinking: /home/lx/go2/install/champ/share/ament_index/resource_index/parent_prefix_path/champ
-- Symlinking: /home/lx/go2/install/champ/share/champ/environment/ament_prefix_path.sh
-- Symlinking: /home/lx/go2/install/champ/share/champ/environment/ament_prefix_path.dsv
-- Symlinking: /home/lx/go2/install/champ/share/champ/environment/path.sh
-- Symlinking: /home/lx/go2/install/champ/share/champ/environment/path.dsv
-- Symlinking: /home/lx/go2/install/champ/share/champ/local_setup.bash
-- Symlinking: /home/lx/go2/install/champ/share/champ/local_setup.sh
-- Symlinking: /home/lx/go2/install/champ/share/champ/local_setup.zsh
-- Symlinking: /home/lx/go2/install/champ/share/champ/local_setup.dsv
-- Symlinking: /home/lx/go2/install/champ/share/champ/package.dsv
-- Symlinking: /home/lx/go2/install/champ/share/ament_index/resource_index/packages/champ
-- Symlinking: /home/lx/go2/install/champ/share/champ/cmake/ament_cmake_export_include_directories-extras.cmake
-- Symlinking: /home/lx/go2/install/champ/share/champ/cmake/champConfig.cmake
-- Symlinking: /home/lx/go2/install/champ/share/champ/cmake/champConfig-version.cmake
-- Symlinking: /home/lx/go2/install/champ/share/champ/package.xml
