[0.020s] Invoking command in '/home/lx/go2/build/champ_navigation': CMAKE_PREFIX_PATH=/opt/ros/humble /usr/bin/cmake --build /home/lx/go2/build/champ_navigation -- -j32 -l32
[0.056s] Invoked command in '/home/lx/go2/build/champ_navigation' returned '0': CMAKE_PREFIX_PATH=/opt/ros/humble /usr/bin/cmake --build /home/lx/go2/build/champ_navigation -- -j32 -l32
[0.057s] Invoking command in '/home/lx/go2/build/champ_navigation': CMAKE_PREFIX_PATH=/opt/ros/humble /usr/bin/cmake --install /home/lx/go2/build/champ_navigation
[0.074s] -- Install configuration: ""
[0.074s] -- Execute custom install script
[0.074s] -- Up-to-date symlink: /home/lx/go2/install/champ_navigation/share/champ_navigation/launch/navigate.launch.py
[0.074s] -- Up-to-date symlink: /home/lx/go2/install/champ_navigation/share/champ_navigation/launch/slam.launch.py
[0.074s] -- Up-to-date symlink: /home/lx/go2/install/champ_navigation/share/champ_navigation/rviz/navigation.rviz
[0.074s] -- Up-to-date symlink: /home/lx/go2/install/champ_navigation/share/champ_navigation/rviz/navigation_minimal.rviz
[0.074s] -- Up-to-date symlink: /home/lx/go2/install/champ_navigation/share/champ_navigation/rviz/slam.rviz
[0.075s] -- Up-to-date symlink: /home/lx/go2/install/champ_navigation/share/ament_index/resource_index/package_run_dependencies/champ_navigation
[0.075s] -- Up-to-date symlink: /home/lx/go2/install/champ_navigation/share/ament_index/resource_index/parent_prefix_path/champ_navigation
[0.075s] -- Up-to-date symlink: /home/lx/go2/install/champ_navigation/share/champ_navigation/environment/ament_prefix_path.sh
[0.076s] -- Up-to-date symlink: /home/lx/go2/install/champ_navigation/share/champ_navigation/environment/ament_prefix_path.dsv
[0.076s] -- Up-to-date symlink: /home/lx/go2/install/champ_navigation/share/champ_navigation/environment/path.sh
[0.076s] -- Up-to-date symlink: /home/lx/go2/install/champ_navigation/share/champ_navigation/environment/path.dsv
[0.076s] -- Up-to-date symlink: /home/lx/go2/install/champ_navigation/share/champ_navigation/local_setup.bash
[0.076s] -- Up-to-date symlink: /home/lx/go2/install/champ_navigation/share/champ_navigation/local_setup.sh
[0.076s] -- Up-to-date symlink: /home/lx/go2/install/champ_navigation/share/champ_navigation/local_setup.zsh
[0.076s] -- Up-to-date symlink: /home/lx/go2/install/champ_navigation/share/champ_navigation/local_setup.dsv
[0.076s] -- Symlinking: /home/lx/go2/install/champ_navigation/share/champ_navigation/package.dsv
[0.083s] -- Up-to-date symlink: /home/lx/go2/install/champ_navigation/share/ament_index/resource_index/packages/champ_navigation
[0.083s] -- Up-to-date symlink: /home/lx/go2/install/champ_navigation/share/champ_navigation/cmake/champ_navigationConfig.cmake
[0.084s] -- Up-to-date symlink: /home/lx/go2/install/champ_navigation/share/champ_navigation/cmake/champ_navigationConfig-version.cmake
[0.084s] -- Up-to-date symlink: /home/lx/go2/install/champ_navigation/share/champ_navigation/package.xml
[0.110s] Invoked command in '/home/lx/go2/build/champ_navigation' returned '0': CMAKE_PREFIX_PATH=/opt/ros/humble /usr/bin/cmake --install /home/lx/go2/build/champ_navigation
