[35m[1mConsolidate compiler generated dependencies of target realsense_gazebo_plugin[0m
[100%] Built target realsense_gazebo_plugin
-- Install configuration: ""
-- Execute custom install script
-- Symlinking: /home/lx/go2/install/realsense_ros_gazebo/lib/librealsense_gazebo_plugin.so
-- Symlinking: /home/lx/go2/install/realsense_ros_gazebo/share/realsense_ros_gazebo/meshes/realsense_d435.stl
-- Symlinking: /home/lx/go2/install/realsense_ros_gazebo/share/realsense_ros_gazebo/meshes/realsense_r200/materials/textures/realsense_diffuse.png
-- Symlinking: /home/lx/go2/install/realsense_ros_gazebo/share/realsense_ros_gazebo/meshes/realsense_r200/meshes/realsense.dae
-- Symlinking: /home/lx/go2/install/realsense_ros_gazebo/share/realsense_ros_gazebo/meshes/realsense_r200/model.config
-- Symlinking: /home/lx/go2/install/realsense_ros_gazebo/share/realsense_ros_gazebo/meshes/realsense_r200/model.sdf
-- Symlinking: /home/lx/go2/install/realsense_ros_gazebo/share/realsense_ros_gazebo/meshes/realsense_t265.stl
-- Symlinking: /home/lx/go2/install/realsense_ros_gazebo/share/realsense_ros_gazebo/xacro/depthcam.xacro
-- Symlinking: /home/lx/go2/install/realsense_ros_gazebo/share/realsense_ros_gazebo/xacro/inertia_calc.xacro
-- Symlinking: /home/lx/go2/install/realsense_ros_gazebo/share/realsense_ros_gazebo/xacro/tracker.xacro
-- Symlinking: /home/lx/go2/install/realsense_ros_gazebo/share/ament_index/resource_index/package_run_dependencies/realsense_ros_gazebo
-- Symlinking: /home/lx/go2/install/realsense_ros_gazebo/share/ament_index/resource_index/parent_prefix_path/realsense_ros_gazebo
-- Symlinking: /home/lx/go2/install/realsense_ros_gazebo/share/realsense_ros_gazebo/environment/ament_prefix_path.sh
-- Symlinking: /home/lx/go2/install/realsense_ros_gazebo/share/realsense_ros_gazebo/environment/ament_prefix_path.dsv
-- Symlinking: /home/lx/go2/install/realsense_ros_gazebo/share/realsense_ros_gazebo/environment/path.sh
-- Symlinking: /home/lx/go2/install/realsense_ros_gazebo/share/realsense_ros_gazebo/environment/path.dsv
-- Symlinking: /home/lx/go2/install/realsense_ros_gazebo/share/realsense_ros_gazebo/local_setup.bash
-- Symlinking: /home/lx/go2/install/realsense_ros_gazebo/share/realsense_ros_gazebo/local_setup.sh
-- Symlinking: /home/lx/go2/install/realsense_ros_gazebo/share/realsense_ros_gazebo/local_setup.zsh
-- Symlinking: /home/lx/go2/install/realsense_ros_gazebo/share/realsense_ros_gazebo/local_setup.dsv
-- Symlinking: /home/lx/go2/install/realsense_ros_gazebo/share/realsense_ros_gazebo/package.dsv
-- Symlinking: /home/lx/go2/install/realsense_ros_gazebo/share/ament_index/resource_index/packages/realsense_ros_gazebo
-- Symlinking: /home/lx/go2/install/realsense_ros_gazebo/share/realsense_ros_gazebo/cmake/realsense_ros_gazeboConfig.cmake
-- Symlinking: /home/lx/go2/install/realsense_ros_gazebo/share/realsense_ros_gazebo/cmake/realsense_ros_gazeboConfig-version.cmake
-- Symlinking: /home/lx/go2/install/realsense_ros_gazebo/share/realsense_ros_gazebo/package.xml
