[0.017s] Invoking command in '/home/lx/go2/build/lio_sam': CMAKE_PREFIX_PATH=/opt/ros/humble /usr/bin/cmake /home/lx/go2/src/LIO-SAM -DAMENT_CMAKE_SYMLINK_INSTALL=1 -DCMAKE_INSTALL_PREFIX=/home/lx/go2/install/lio_sam
[0.066s] -- The C compiler identification is GNU 11.4.0
[0.116s] -- The CXX compiler identification is GNU 11.4.0
[0.124s] -- Detecting C compiler ABI info
[0.175s] -- Detecting C compiler ABI info - done
[0.180s] -- Check for working C compiler: /usr/bin/cc - skipped
[0.180s] -- Detecting C compile features
[0.180s] -- Detecting C compile features - done
[0.182s] -- Detecting CXX compiler ABI info
[0.240s] -- Detecting CXX compiler ABI info - done
[0.246s] -- Check for working CXX compiler: /usr/bin/c++ - skipped
[0.246s] -- Detecting CXX compile features
[0.246s] -- Detecting CXX compile features - done
[0.251s] -- Found ament_cmake: 1.3.11 (/opt/ros/humble/share/ament_cmake/cmake)
[0.347s] -- Found Python3: /usr/bin/python3 (found version "3.10.12") found components: Interpreter 
[0.390s] -- Override CMake install command with custom implementation using symlinks instead of copying resources
[0.419s] -- Found rosidl_default_generators: 1.2.0 (/opt/ros/humble/share/rosidl_default_generators/cmake)
[0.422s] -- Using all available rosidl_typesupport_c: rosidl_typesupport_fastrtps_c;rosidl_typesupport_introspection_c
[0.429s] -- Found rosidl_adapter: 3.1.6 (/opt/ros/humble/share/rosidl_adapter/cmake)
[0.464s] -- Using all available rosidl_typesupport_cpp: rosidl_typesupport_fastrtps_cpp;rosidl_typesupport_introspection_cpp
[0.492s] -- Found rclcpp: 16.0.12 (/opt/ros/humble/share/rclcpp/cmake)
[0.526s] -- Found rmw_implementation_cmake: 6.1.2 (/opt/ros/humble/share/rmw_implementation_cmake/cmake)
[0.529s] -- Found rmw_fastrtps_cpp: 6.2.7 (/opt/ros/humble/share/rmw_fastrtps_cpp/cmake)
[0.609s] -- Found OpenSSL: /usr/lib/x86_64-linux-gnu/libcrypto.so (found version "3.0.2")  
[0.637s] -- Found FastRTPS: /opt/ros/humble/include  
[0.673s] -- Using RMW implementation 'rmw_fastrtps_cpp' as default
[0.682s] -- Looking for pthread.h
[0.739s] -- Looking for pthread.h - found
[0.739s] -- Performing Test CMAKE_HAVE_LIBC_PTHREAD
[0.788s] -- Performing Test CMAKE_HAVE_LIBC_PTHREAD - Success
[0.789s] -- Found Threads: TRUE  
[0.826s] -- Found rclpy: 3.3.16 (/opt/ros/humble/share/rclpy/cmake)
[0.828s] -- Found cv_bridge: 3.2.1 (/opt/ros/humble/share/cv_bridge/cmake)
[0.857s] -- Found nav_msgs: 4.8.0 (/opt/ros/humble/share/nav_msgs/cmake)
[0.871s] -- Found visualization_msgs: 4.8.0 (/opt/ros/humble/share/visualization_msgs/cmake)
[0.885s] -- Found pcl_conversions: 2.4.5 (/opt/ros/humble/share/pcl_conversions/cmake)
[0.914s] -- Checking for module 'eigen3'
[0.924s] --   Found eigen3, version 3.4.0
[0.948s] -- Found Eigen: /usr/include/eigen3 (Required is at least version "3.1") 
[0.948s] -- Eigen found (include: /usr/include/eigen3, version: 3.4.0)
[0.979s] -- Checking for module 'flann'
[0.989s] --   Found flann, version 1.9.1
[1.020s] -- Found FLANN: /usr/lib/x86_64-linux-gnu/libflann_cpp.so  
[1.020s] -- FLANN found (include: /usr/include, lib: /usr/lib/x86_64-linux-gnu/libflann_cpp.so)
[1.642s] -- Checking for module 'libusb-1.0'
[1.651s] --   Found libusb-1.0, version 1.0.25
[1.678s] -- Found libusb: /usr/lib/x86_64-linux-gnu/libusb-1.0.so  
[1.679s] -- OpenNI found (version: 1.5.4.0, include: /usr/include/ni, lib: /usr/lib/libOpenNI.so;libusb::libusb)
[1.725s] -- OpenNI2 found (version: 2.2.0.33, include: /usr/include/openni2, lib: /usr/lib/x86_64-linux-gnu/libOpenNI2.so;libusb::libusb)
[1.813s] -- Eigen found (include: /usr/include/eigen3, version: 3.4.0)
[1.817s] -- OpenNI found (version: 1.5.4.0, include: /usr/include/ni, lib: /usr/lib/libOpenNI.so;libusb::libusb)
[1.821s] -- OpenNI2 found (version: 2.2.0.33, include: /usr/include/openni2, lib: /usr/lib/x86_64-linux-gnu/libOpenNI2.so;libusb::libusb)
[1.905s] -- Found Qhull version 8.0.2
[1.990s] -- OpenNI found (version: 1.5.4.0, include: /usr/include/ni, lib: /usr/lib/libOpenNI.so;libusb::libusb)
[2.070s] -- Found PCL_COMMON: /usr/lib/x86_64-linux-gnu/libpcl_common.so  
[2.070s] -- Found PCL_KDTREE: /usr/lib/x86_64-linux-gnu/libpcl_kdtree.so  
[2.071s] -- Found PCL_OCTREE: /usr/lib/x86_64-linux-gnu/libpcl_octree.so  
[2.071s] -- Found PCL_SEARCH: /usr/lib/x86_64-linux-gnu/libpcl_search.so  
[2.072s] -- Found PCL_SAMPLE_CONSENSUS: /usr/lib/x86_64-linux-gnu/libpcl_sample_consensus.so  
[2.072s] -- Found PCL_FILTERS: /usr/lib/x86_64-linux-gnu/libpcl_filters.so  
[2.072s] -- Found PCL_2D: /usr/include/pcl-1.12  
[2.072s] -- Found PCL_GEOMETRY: /usr/include/pcl-1.12  
[2.073s] -- Found PCL_IO: /usr/lib/x86_64-linux-gnu/libpcl_io.so  
[2.073s] -- Found PCL_FEATURES: /usr/lib/x86_64-linux-gnu/libpcl_features.so  
[2.074s] -- Found PCL_ML: /usr/lib/x86_64-linux-gnu/libpcl_ml.so  
[2.074s] -- Found PCL_SEGMENTATION: /usr/lib/x86_64-linux-gnu/libpcl_segmentation.so  
[2.075s] -- Found PCL_VISUALIZATION: /usr/lib/x86_64-linux-gnu/libpcl_visualization.so  
[2.075s] -- Found PCL_SURFACE: /usr/lib/x86_64-linux-gnu/libpcl_surface.so  
[2.076s] -- Found PCL_REGISTRATION: /usr/lib/x86_64-linux-gnu/libpcl_registration.so  
[2.077s] -- Found PCL_KEYPOINTS: /usr/lib/x86_64-linux-gnu/libpcl_keypoints.so  
[2.077s] -- Found PCL_TRACKING: /usr/lib/x86_64-linux-gnu/libpcl_tracking.so  
[2.078s] -- Found PCL_RECOGNITION: /usr/lib/x86_64-linux-gnu/libpcl_recognition.so  
[2.078s] -- Found PCL_STEREO: /usr/lib/x86_64-linux-gnu/libpcl_stereo.so  
[2.079s] -- Found PCL_APPS: /usr/lib/x86_64-linux-gnu/libpcl_apps.so  
[2.079s] -- Found PCL_IN_HAND_SCANNER: /usr/include/pcl-1.12  
[2.079s] -- Found PCL_MODELER: /usr/include/pcl-1.12  
[2.079s] -- Found PCL_POINT_CLOUD_EDITOR: /usr/include/pcl-1.12  
[2.080s] -- Found PCL_OUTOFCORE: /usr/lib/x86_64-linux-gnu/libpcl_outofcore.so  
[2.080s] -- Found PCL_PEOPLE: /usr/lib/x86_64-linux-gnu/libpcl_people.so  
[2.093s] -- Found tf2: 0.25.12 (/opt/ros/humble/share/tf2/cmake)
[2.102s] -- Found tf2_geometry_msgs: 0.25.12 (/opt/ros/humble/share/tf2_geometry_msgs/cmake)
[2.113s] -- Found eigen3_cmake_module: 0.1.1 (/opt/ros/humble/share/eigen3_cmake_module/cmake)
[2.114s] -- Found Eigen3: TRUE (found version "3.4.0") 
[2.114s] -- Ensuring Eigen3 include directory is part of orocos-kdl CMake target
[2.179s] -- Found tf2_sensor_msgs: 0.25.12 (/opt/ros/humble/share/tf2_sensor_msgs/cmake)
[2.182s] -- Found tf2_eigen: 0.25.12 (/opt/ros/humble/share/tf2_eigen/cmake)
[2.186s] -- Found OpenCV: /usr (found version "4.5.4") 
[2.186s] [33mCMake Warning (dev) at CMakeLists.txt:29 (find_package):
[2.186s]   Policy CMP0074 is not set: find_package uses <PackageName>_ROOT variables.
[2.186s]   Run "cmake --help-policy CMP0074" for policy details.  Use the cmake_policy
[2.186s]   command to set the policy and suppress this warning.
[2.186s] 
[2.186s]   CMake variable PCL_ROOT is set to:
[2.186s] 
[2.186s]     /usr
[2.186s] 
[2.186s]   For compatibility, CMake is ignoring the variable.
[2.186s] This warning is for project developers.  Use -Wno-dev to suppress it.
[2.186s] [0m
[2.206s] -- Found Boost: /usr/lib/x86_64-linux-gnu/cmake/Boost-1.74.0/BoostConfig.cmake (found suitable version "1.74.0", minimum required is "1.65") found components: serialization system filesystem thread program_options date_time timer chrono regex 
[2.208s] -- GTSAM include directory:  /opt/ros/humble/lib/cmake/GTSAM/../../../include
[2.212s] -- Found Eigen: /usr/include/eigen3  
[2.212s] -- Eigen found (include: /usr/include/eigen3, version: 3.4.0)
[2.363s] -- Found OpenMP_C: -fopenmp (found version "4.5") 
[2.414s] -- Found OpenMP_CXX: -fopenmp (found version "4.5") 
[2.415s] -- Found OpenMP: TRUE (found version "4.5")  
[2.580s] -- Found ament_cmake_ros: 0.10.0 (/opt/ros/humble/share/ament_cmake_ros/cmake)
[2.736s] -- Using all available rosidl_typesupport_c: rosidl_typesupport_fastrtps_c;rosidl_typesupport_introspection_c
[2.930s] -- Using all available rosidl_typesupport_cpp: rosidl_typesupport_fastrtps_cpp;rosidl_typesupport_introspection_cpp
[2.943s] -- Found PythonInterp: /usr/bin/python3 (found suitable version "3.10.12", minimum required is "3.6") 
[2.944s] -- Found python_cmake_module: 0.10.0 (/opt/ros/humble/share/python_cmake_module/cmake)
[2.958s] -- Found PythonLibs: /usr/lib/x86_64-linux-gnu/libpython3.10.so (found suitable version "3.10.12", minimum required is "3.5") 
[2.958s] -- Using PYTHON_EXECUTABLE: /usr/bin/python3
[2.958s] -- Using PYTHON_INCLUDE_DIRS: /usr/include/python3.10
[2.958s] -- Using PYTHON_LIBRARIES: /usr/lib/x86_64-linux-gnu/libpython3.10.so
[2.970s] -- Found PythonExtra: .so  
[3.041s] -- Found ament_lint_auto: 0.12.12 (/opt/ros/humble/share/ament_lint_auto/cmake)
[3.057s] -- Added test 'copyright' to check source files copyright and LICENSE
[3.058s] -- Added test 'cppcheck' to perform static code analysis on C / C++ code
[3.059s] -- Configured cppcheck include dirs: /home/lx/go2/src/LIO-SAM/include/lio_sam
[3.059s] -- Configured cppcheck exclude dirs and/or files: 
[3.061s] -- Added test 'cpplint' to check C / C++ code against the Google style
[3.061s] -- Configured cpplint exclude dirs and/or files: 
[3.061s] -- Added test 'flake8' to check Python code syntax and style conventions
[3.062s] -- Added test 'lint_cmake' to check CMake code style
[3.062s] -- Added test 'pep257' to check Python code against some of the docstring style conventions in PEP 257
[3.064s] -- Added test 'uncrustify' to check C / C++ code style
[3.064s] -- Configured uncrustify additional arguments: 
[3.064s] -- Added test 'xmllint' to check XML markup files
[3.066s] -- Configuring done
[3.182s] -- Generating done
[3.209s] -- Build files have been written to: /home/lx/go2/build/lio_sam
